# JRE version: OpenJDK Runtime Environment Temurin-18.0.1+10 (18.0.1+10) (build 18.0.1+10)
# Java VM: OpenJDK 64-Bit Server VM Temurin-18.0.1+10 (18.0.1+10, mixed mode, emulated-client, tiered, compressed oops, compressed class ptrs, g1 gc, bsd-amd64)
GC Precious Log:
 CardTable entry size: 512
 Card Set container configuration: InlinePtr #cards 4 size 8 Array Of Cards #cards 16 size 48 Howl #buckets 8 coarsen threshold 3686 Howl Bitmap #cards 512 size 80 coarsen threshold 460 Card regions per heap region 1 cards per card region 4096
 CPUs: 8 total, 8 available
 Memory: 16384M
 Large Page Support: Disabled
 NUMA Support: Disabled
 Compressed Oops: Enabled (Zero based)
 Heap Region Size: 2M
 Heap Min Capacity: 8M
 Heap Initial Capacity: 256M
 Heap Max Capacity: 4G
 Pre-touch: Disabled
 Parallel Workers: 8
 Concurrent Workers: 2
 Concurrent Refinement Workers: 8
 Periodic GC: Disabled
Heap:
 garbage-first heap   total 55296K, used 40798K [0x0000000700000000, 0x0000000800000000)
  region size 2048K, 13 young (26624K), 1 survivors (2048K)
 Metaspace       used 45999K, committed 46656K, reserved 1114112K
  class space    used 5746K, committed 5952K, reserved 1048576K
GC Heap History (20 events):
Event: 3205.924 GC heap after
{Heap after GC invocations=32 (full 7):
 garbage-first heap   total 55296K, used 18739K [0x0000000700000000, 0x0000000800000000)
  region size 2048K, 2 young (4096K), 2 survivors (4096K)
 Metaspace       used 45955K, committed 46464K, reserved 1114112K
  class space    used 5743K, committed 5952K, reserved 1048576K
}
Event: 3290.321 GC heap before
{Heap before GC invocations=32 (full 7):
 garbage-first heap   total 55296K, used 28979K [0x0000000700000000, 0x0000000800000000)
  region size 2048K, 8 young (16384K), 2 survivors (4096K)
 Metaspace       used 45996K, committed 46528K, reserved 1114112K
  class space    used 5748K, committed 5952K, reserved 1048576K
}
Event: 3290.399 GC heap after
{Heap after GC invocations=33 (full 8):
 garbage-first heap   total 55296K, used 16175K [0x0000000700000000, 0x0000000800000000)
  region size 2048K, 0 young (0K), 0 survivors (0K)
 Metaspace       used 45958K, committed 46528K, reserved 1114112K
  class space    used 5739K, committed 5952K, reserved 1048576K
}
Event: 3290.698 GC heap before
{Heap before GC invocations=33 (full 8):
 garbage-first heap   total 55296K, used 40751K [0x0000000700000000, 0x0000000800000000)
  region size 2048K, 12 young (24576K), 0 survivors (0K)
 Metaspace       used 46031K, committed 46528K, reserved 1114112K
  class space    used 5752K, committed 5952K, reserved 1048576K
}
Event: 3290.701 GC heap after
{Heap after GC invocations=34 (full 8):
 garbage-first heap   total 55296K, used 18736K [0x0000000700000000, 0x0000000800000000)
  region size 2048K, 2 young (4096K), 2 survivors (4096K)
 Metaspace       used 46031K, committed 46528K, reserved 1114112K
  class space    used 5752K, committed 5952K, reserved 1048576K
}
Event: 3331.608 GC heap before
{Heap before GC invocations=34 (full 8):
 garbage-first heap   total 55296K, used 26928K [0x0000000700000000, 0x0000000800000000)
  region size 2048K, 7 young (14336K), 2 survivors (4096K)
 Metaspace       used 46065K, committed 46528K, reserved 1114112K
  class space    used 5755K, committed 5952K, reserved 1048576K
}
Event: 3331.682 GC heap after
{Heap after GC invocations=35 (full 9):
 garbage-first heap   total 55296K, used 16171K [0x0000000700000000, 0x0000000800000000)
  region size 2048K, 0 young (0K), 0 survivors (0K)
 Metaspace       used 45966K, committed 46528K, reserved 1114112K
  class space    used 5741K, committed 5952K, reserved 1048576K
}
Event: 3332.035 GC heap before
{Heap before GC invocations=35 (full 9):
 garbage-first heap   total 55296K, used 40747K [0x0000000700000000, 0x0000000800000000)
  region size 2048K, 12 young (24576K), 0 survivors (0K)
 Metaspace       used 46063K, committed 46528K, reserved 1114112K
  class space    used 5755K, committed 5952K, reserved 1048576K
}
Event: 3332.038 GC heap after
{Heap after GC invocations=36 (full 9):
 garbage-first heap   total 55296K, used 18668K [0x0000000700000000, 0x0000000800000000)
  region size 2048K, 2 young (4096K), 2 survivors (4096K)
 Metaspace       used 46063K, committed 46528K, reserved 1114112K
  class space    used 5755K, committed 5952K, reserved 1048576K
}
Event: 3345.681 GC heap before
{Heap before GC invocations=36 (full 9):
 garbage-first heap   total 55296K, used 24812K [0x0000000700000000, 0x0000000800000000)
  region size 2048K, 6 young (12288K), 2 survivors (4096K)
 Metaspace       used 46162K, committed 46592K, reserved 1114112K
  class space    used 5759K, committed 5952K, reserved 1048576K
}
Event: 3345.756 GC heap after
{Heap after GC invocations=37 (full 10):
 garbage-first heap   total 55296K, used 16331K [0x0000000700000000, 0x0000000800000000)
  region size 2048K, 0 young (0K), 0 survivors (0K)
 Metaspace       used 45944K, committed 46592K, reserved 1114112K
  class space    used 5732K, committed 5952K, reserved 1048576K
}
Event: 3347.185 GC heap before
{Heap before GC invocations=37 (full 10):
 garbage-first heap   total 55296K, used 40907K [0x0000000700000000, 0x0000000800000000)
  region size 2048K, 12 young (24576K), 0 survivors (0K)
 Metaspace       used 46043K, committed 46592K, reserved 1114112K
  class space    used 5746K, committed 5952K, reserved 1048576K
}
Event: 3347.187 GC heap after
{Heap after GC invocations=38 (full 10):
 garbage-first heap   total 55296K, used 18821K [0x0000000700000000, 0x0000000800000000)
  region size 2048K, 2 young (4096K), 2 survivors (4096K)
 Metaspace       used 46043K, committed 46592K, reserved 1114112K
  class space    used 5746K, committed 5952K, reserved 1048576K
}
Event: 3368.909 GC heap before
{Heap before GC invocations=38 (full 10):
 garbage-first heap   total 55296K, used 24965K [0x0000000700000000, 0x0000000800000000)
  region size 2048K, 6 young (12288K), 2 survivors (4096K)
 Metaspace       used 46077K, committed 46592K, reserved 1114112K
  class space    used 5750K, committed 5952K, reserved 1048576K
}
Event: 3368.984 GC heap after
{Heap after GC invocations=39 (full 11):
 garbage-first heap   total 55296K, used 16392K [0x0000000700000000, 0x0000000800000000)
  region size 2048K, 0 young (0K), 0 survivors (0K)
 Metaspace       used 46067K, committed 46592K, reserved 1114112K
  class space    used 5748K, committed 5952K, reserved 1048576K
}
Event: 3369.285 GC heap before
{Heap before GC invocations=39 (full 11):
 garbage-first heap   total 55296K, used 38920K [0x0000000700000000, 0x0000000800000000)
  region size 2048K, 12 young (24576K), 0 survivors (0K)
 Metaspace       used 46164K, committed 46592K, reserved 1114112K
  class space    used 5761K, committed 5952K, reserved 1048576K
}
Event: 3369.287 GC heap after
{Heap after GC invocations=40 (full 11):
 garbage-first heap   total 55296K, used 18880K [0x0000000700000000, 0x0000000800000000)
  region size 2048K, 2 young (4096K), 2 survivors (4096K)
 Metaspace       used 46164K, committed 46592K, reserved 1114112K
  class space    used 5761K, committed 5952K, reserved 1048576K
}
Event: 3396.042 GC heap before
{Heap before GC invocations=40 (full 11):
 garbage-first heap   total 55296K, used 27072K [0x0000000700000000, 0x0000000800000000)
  region size 2048K, 7 young (14336K), 2 survivors (4096K)
 Metaspace       used 46194K, committed 46656K, reserved 1114112K
  class space    used 5764K, committed 5952K, reserved 1048576K
}
Event: 3396.130 GC heap after
{Heap after GC invocations=41 (full 12):
 garbage-first heap   total 55296K, used 16222K [0x0000000700000000, 0x0000000800000000)
  region size 2048K, 0 young (0K), 0 survivors (0K)
 Metaspace       used 45954K, committed 46656K, reserved 1114112K
  class space    used 5737K, committed 5952K, reserved 1048576K
}
Event: 3522.949 GC heap before
{Heap before GC invocations=41 (full 12):
 garbage-first heap   total 55296K, used 40798K [0x0000000700000000, 0x0000000800000000)
  region size 2048K, 12 young (24576K), 0 survivors (0K)
 Metaspace       used 45999K, committed 46656K, reserved 1114112K
  class space    used 5746K, committed 5952K, reserved 1048576K
}

